# JRE version: OpenJDK Runtime Environment (11.0.8+10) (build 11.0.8+10-b944.6842174)
# Java VM: OpenJDK 64-Bit Server VM (11.0.8+10-b944.6842174, mixed mode, tiered, compressed oops, g1 gc, windows-amd64)
Heap:
 garbage-first heap   total 416768K, used 202380K [0x0000000080000000, 0x0000000100000000)
  region size 1024K, 6 young (6144K), 6 survivors (6144K)
 Metaspace       used 139349K, capacity 142865K, committed 143176K, reserved 1175552K
  class space    used 16847K, capacity 18068K, committed 18124K, reserved 1048576K
GC Heap History (20 events):
Event: 186.768 GC heap after
{Heap after GC invocations=82 (full 0):
 garbage-first heap   total 324608K, used 182272K [0x0000000080000000, 0x0000000100000000)
  region size 1024K, 5 young (5120K), 5 survivors (5120K)
 Metaspace       used 137593K, capacity 140965K, committed 141128K, reserved 1173504K
  class space    used 16640K, capacity 17834K, committed 17868K, reserved 1048576K
}
Event: 187.661 GC heap before
{Heap before GC invocations=82 (full 0):
 garbage-first heap   total 324608K, used 258048K [0x0000000080000000, 0x0000000100000000)
  region size 1024K, 80 young (81920K), 5 survivors (5120K)
 Metaspace       used 137664K, capacity 141034K, committed 141128K, reserved 1173504K
  class space    used 16647K, capacity 17835K, committed 17868K, reserved 1048576K
}
Event: 187.685 GC heap after
{Heap after GC invocations=83 (full 0):
 garbage-first heap   total 324608K, used 184161K [0x0000000080000000, 0x0000000100000000)
  region size 1024K, 7 young (7168K), 7 survivors (7168K)
 Metaspace       used 137664K, capacity 141034K, committed 141128K, reserved 1173504K
  class space    used 16647K, capacity 17835K, committed 17868K, reserved 1048576K
}
Event: 188.370 GC heap before
{Heap before GC invocations=83 (full 0):
 garbage-first heap   total 324608K, used 260961K [0x0000000080000000, 0x0000000100000000)
  region size 1024K, 83 young (84992K), 7 survivors (7168K)
 Metaspace       used 137710K, capacity 141165K, committed 141384K, reserved 1173504K
  class space    used 16647K, capacity 17835K, committed 17868K, reserved 1048576K
}
Event: 188.399 GC heap after
{Heap after GC invocations=84 (full 0):
 garbage-first heap   total 324608K, used 186172K [0x0000000080000000, 0x0000000100000000)
  region size 1024K, 6 young (6144K), 6 survivors (6144K)
 Metaspace       used 137710K, capacity 141165K, committed 141384K, reserved 1173504K
  class space    used 16647K, capacity 17835K, committed 17868K, reserved 1048576K
}
Event: 188.887 GC heap before
{Heap before GC invocations=84 (full 0):
 garbage-first heap   total 324608K, used 265020K [0x0000000080000000, 0x0000000100000000)
  region size 1024K, 83 young (84992K), 6 survivors (6144K)
 Metaspace       used 138107K, capacity 141540K, committed 141768K, reserved 1173504K
  class space    used 16702K, capacity 17897K, committed 17996K, reserved 1048576K
}
Event: 188.916 GC heap after
{Heap after GC invocations=85 (full 0):
 garbage-first heap   total 324608K, used 187877K [0x0000000080000000, 0x0000000100000000)
  region size 1024K, 8 young (8192K), 8 survivors (8192K)
 Metaspace       used 138107K, capacity 141540K, committed 141768K, reserved 1173504K
  class space    used 16702K, capacity 17897K, committed 17996K, reserved 1048576K
}
Event: 190.048 GC heap before
{Heap before GC invocations=85 (full 0):
 garbage-first heap   total 324608K, used 267749K [0x0000000080000000, 0x0000000100000000)
  region size 1024K, 86 young (88064K), 8 survivors (8192K)
 Metaspace       used 138541K, capacity 141968K, committed 142024K, reserved 1173504K
  class space    used 16756K, capacity 17951K, committed 17996K, reserved 1048576K
}
Event: 190.111 GC heap after
{Heap after GC invocations=86 (full 0):
 garbage-first heap   total 324608K, used 189300K [0x0000000080000000, 0x0000000100000000)
  region size 1024K, 7 young (7168K), 7 survivors (7168K)
 Metaspace       used 138541K, capacity 141968K, committed 142024K, reserved 1173504K
  class space    used 16756K, capacity 17951K, committed 17996K, reserved 1048576K
}
Event: 190.643 GC heap before
{Heap before GC invocations=86 (full 0):
 garbage-first heap   total 324608K, used 270196K [0x0000000080000000, 0x0000000100000000)
  region size 1024K, 87 young (89088K), 7 survivors (7168K)
 Metaspace       used 139104K, capacity 142559K, committed 142664K, reserved 1173504K
  class space    used 16819K, capacity 18036K, committed 18124K, reserved 1048576K
}
Event: 190.670 GC heap after
{Heap after GC invocations=87 (full 0):
 garbage-first heap   total 324608K, used 190970K [0x0000000080000000, 0x0000000100000000)
  region size 1024K, 7 young (7168K), 7 survivors (7168K)
 Metaspace       used 139104K, capacity 142559K, committed 142664K, reserved 1173504K
  class space    used 16819K, capacity 18036K, committed 18124K, reserved 1048576K
}
Event: 191.692 GC heap before
{Heap before GC invocations=87 (full 0):
 garbage-first heap   total 324608K, used 272890K [0x0000000080000000, 0x0000000100000000)
  region size 1024K, 87 young (89088K), 7 survivors (7168K)
 Metaspace       used 139257K, capacity 142779K, committed 142920K, reserved 1173504K
  class space    used 16840K, capacity 18063K, committed 18124K, reserved 1048576K
}
Event: 191.716 GC heap after
{Heap after GC invocations=88 (full 0):
 garbage-first heap   total 324608K, used 191691K [0x0000000080000000, 0x0000000100000000)
  region size 1024K, 6 young (6144K), 6 survivors (6144K)
 Metaspace       used 139257K, capacity 142779K, committed 142920K, reserved 1173504K
  class space    used 16840K, capacity 18063K, committed 18124K, reserved 1048576K
}
Event: 192.271 GC heap before
{Heap before GC invocations=88 (full 0):
 garbage-first heap   total 324608K, used 274635K [0x0000000080000000, 0x0000000100000000)
  region size 1024K, 87 young (89088K), 6 survivors (6144K)
 Metaspace       used 139297K, capacity 142851K, committed 142920K, reserved 1173504K
  class space    used 16841K, capacity 18064K, committed 18124K, reserved 1048576K
}
Event: 192.308 GC heap after
{Heap after GC invocations=89 (full 0):
 garbage-first heap   total 324608K, used 195664K [0x0000000080000000, 0x0000000100000000)
  region size 1024K, 10 young (10240K), 10 survivors (10240K)
 Metaspace       used 139297K, capacity 142851K, committed 142920K, reserved 1173504K
  class space    used 16841K, capacity 18064K, committed 18124K, reserved 1048576K
}
Event: 192.638 GC heap before
{Heap before GC invocations=89 (full 0):
 garbage-first heap   total 324608K, used 276560K [0x0000000080000000, 0x0000000100000000)
  region size 1024K, 89 young (91136K), 10 survivors (10240K)
 Metaspace       used 139319K, capacity 142863K, committed 142920K, reserved 1173504K
  class space    used 16843K, capacity 18068K, committed 18124K, reserved 1048576K
}
Event: 192.678 GC heap after
{Heap after GC invocations=90 (full 0):
 garbage-first heap   total 324608K, used 199100K [0x0000000080000000, 0x0000000100000000)
  region size 1024K, 10 young (10240K), 10 survivors (10240K)
 Metaspace       used 139319K, capacity 142863K, committed 142920K, reserved 1173504K
  class space    used 16843K, capacity 18068K, committed 18124K, reserved 1048576K
}
Event: 193.215 GC heap before
{Heap before GC invocations=90 (full 0):
 garbage-first heap   total 324608K, used 275900K [0x0000000080000000, 0x0000000100000000)
  region size 1024K, 86 young (88064K), 10 survivors (10240K)
 Metaspace       used 139329K, capacity 142864K, committed 142920K, reserved 1173504K
  class space    used 16843K, capacity 18068K, committed 18124K, reserved 1048576K
}
Event: 193.236 GC heap after
{Heap after GC invocations=91 (full 0):
 garbage-first heap   total 324608K, used 199820K [0x0000000080000000, 0x0000000100000000)
  region size 1024K, 7 young (7168K), 7 survivors (7168K)
 Metaspace       used 139329K, capacity 142864K, committed 142920K, reserved 1173504K
  class space    used 16843K, capacity 18068K, committed 18124K, reserved 1048576K
}
Event: 193.582 GC heap before
{Heap before GC invocations=91 (full 0):
 garbage-first heap   total 324608K, used 277644K [0x0000000080000000, 0x0000000100000000)
  region size 1024K, 83 young (84992K), 7 survivors (7168K)
 Metaspace       used 139349K, capacity 142865K, committed 143176K, reserved 1175552K
  class space    used 16847K, capacity 18068K, committed 18124K, reserved 1048576K
}

